<?xml version="1.0" encoding="utf-8"?><testsuites name="pytest tests"><testsuite name="pytest" errors="0" failures="0" skipped="0" tests="47" time="15.130" timestamp="2026-04-21T00:02:40.725646+00:00" hostname="agent-env-7d4bebda-2110-4dff-9688-9ebbfe23b789"><testcase classname="backend.tests.test_aan_services.TestHealth" name="test_root" time="0.390" /><testcase classname="backend.tests.test_aan_services.TestAuth" name="test_login_success" time="0.368" /><testcase classname="backend.tests.test_aan_services.TestAuth" name="test_invalid_login_returns_401" time="0.350" /><testcase classname="backend.tests.test_aan_services.TestAuth" name="test_me_returns_current_admin" time="0.408" /><testcase classname="backend.tests.test_aan_services.TestAuth" name="test_me_without_token_401" time="0.057" /><testcase classname="backend.tests.test_aan_services.TestAuth" name="test_brute_force_lockout" time="0.418" /><testcase classname="backend.tests.test_aan_services.TestIndustries" name="test_list_industries_authenticated_has_seeded" time="0.093" /><testcase classname="backend.tests.test_aan_services.TestIndustries" name="test_list_industries_unauthenticated_401" time="0.069" /><testcase classname="backend.tests.test_aan_services.TestIndustries" name="test_create_industry_and_verify" time="0.123" /><testcase classname="backend.tests.test_aan_services.TestIndustries" name="test_duplicate_industry_409" time="0.117" /><testcase classname="backend.tests.test_aan_services.TestIndustries" name="test_update_industry_propagates_name" time="0.338" /><testcase classname="backend.tests.test_aan_services.TestIndustries" name="test_delete_industry_in_use_returns_409" time="0.452" /><testcase classname="backend.tests.test_aan_services.TestIndustries" name="test_delete_industry_unused_succeeds" time="1.241" /><testcase classname="backend.tests.test_aan_services.TestEmployees" name="test_create_employee_sets_industry_name" time="0.705" /><testcase classname="backend.tests.test_aan_services.TestEmployees" name="test_create_employee_invalid_industry_400" time="0.057" /><testcase classname="backend.tests.test_aan_services.TestEmployees" name="test_list_employees_strips_aadhaar" time="0.070" /><testcase classname="backend.tests.test_aan_services.TestEmployees" name="test_list_employees_search_and_filter" time="0.062" /><testcase classname="backend.tests.test_aan_services.TestEmployees" name="test_get_employee_full_includes_aadhaar" time="0.068" /><testcase classname="backend.tests.test_aan_services.TestEmployees" name="test_update_employee_change_industry" time="0.274" /><testcase classname="backend.tests.test_aan_services.TestEmployees" name="test_delete_employee" time="0.183" /><testcase classname="backend.tests.test_aan_services.TestEmployees" name="test_stats_endpoint" time="0.079" /><testcase classname="backend.tests.test_aan_services.TestEmployees" name="test_employees_unauthenticated_401" time="0.420" /><testcase classname="backend.tests.test_iter3_users_csv_roles.TestUserManagement" name="test_list_users_as_admin_contains_admin" time="0.538" /><testcase classname="backend.tests.test_iter3_users_csv_roles.TestUserManagement" name="test_list_users_unauthenticated_401" time="0.054" /><testcase classname="backend.tests.test_iter3_users_csv_roles.TestUserManagement" name="test_create_manager_user_and_verify_via_get" time="0.454" /><testcase classname="backend.tests.test_iter3_users_csv_roles.TestUserManagement" name="test_create_admin_user_allowed" time="0.365" /><testcase classname="backend.tests.test_iter3_users_csv_roles.TestUserManagement" name="test_create_duplicate_email_409" time="0.424" /><testcase classname="backend.tests.test_iter3_users_csv_roles.TestUserManagement" name="test_create_invalid_role_400" time="0.061" /><testcase classname="backend.tests.test_iter3_users_csv_roles.TestUserManagement" name="test_delete_user_success_and_verify" time="0.488" /><testcase classname="backend.tests.test_iter3_users_csv_roles.TestUserManagement" name="test_delete_nonexistent_user_404" time="0.064" /><testcase classname="backend.tests.test_iter3_users_csv_roles.TestUserManagement" name="test_cannot_delete_self_400" time="0.624" /><testcase classname="backend.tests.test_iter3_users_csv_roles.TestManagerRoleRestrictions" name="test_manager_can_list_employees" time="1.706" /><testcase classname="backend.tests.test_iter3_users_csv_roles.TestManagerRoleRestrictions" name="test_manager_can_list_industries" time="0.063" /><testcase classname="backend.tests.test_iter3_users_csv_roles.TestManagerRoleRestrictions" name="test_manager_can_create_employee" time="0.341" /><testcase classname="backend.tests.test_iter3_users_csv_roles.TestManagerRoleRestrictions" name="test_manager_can_update_employee" time="0.065" /><testcase classname="backend.tests.test_iter3_users_csv_roles.TestManagerRoleRestrictions" name="test_manager_can_view_stats" time="0.059" /><testcase classname="backend.tests.test_iter3_users_csv_roles.TestManagerRoleRestrictions" name="test_manager_cannot_create_industry" time="0.058" /><testcase classname="backend.tests.test_iter3_users_csv_roles.TestManagerRoleRestrictions" name="test_manager_cannot_delete_industry" time="0.059" /><testcase classname="backend.tests.test_iter3_users_csv_roles.TestManagerRoleRestrictions" name="test_manager_cannot_delete_employee" time="0.065" /><testcase classname="backend.tests.test_iter3_users_csv_roles.TestManagerRoleRestrictions" name="test_manager_cannot_list_users" time="0.102" /><testcase classname="backend.tests.test_iter3_users_csv_roles.TestManagerRoleRestrictions" name="test_manager_cannot_create_user" time="0.059" /><testcase classname="backend.tests.test_iter3_users_csv_roles.TestManagerRoleRestrictions" name="test_manager_cannot_delete_user" time="0.565" /><testcase classname="backend.tests.test_iter3_users_csv_roles.TestCsvExport" name="test_csv_export_requires_auth" time="0.840" /><testcase classname="backend.tests.test_iter3_users_csv_roles.TestCsvExport" name="test_csv_export_as_admin" time="0.067" /><testcase classname="backend.tests.test_iter3_users_csv_roles.TestCsvExport" name="test_csv_export_filter_by_industry" time="0.063" /><testcase classname="backend.tests.test_iter3_users_csv_roles.TestCsvExport" name="test_csv_export_filter_empty_industry_returns_header_only" time="0.060" /><testcase classname="backend.tests.test_iter3_users_csv_roles.TestCsvExport" name="test_csv_export_as_manager_allowed" time="1.443" /></testsuite></testsuites>